[debug] [2020-09-30T17:04:46.645Z] ----------------------------------------------------------------------
[debug] [2020-09-30T17:04:46.647Z] Command:       /usr/local/bin/node /usr/local/bin/firebase deploy --only hosting:gastronautCalculator
[debug] [2020-09-30T17:04:46.647Z] CLI Version:   8.4.2
[debug] [2020-09-30T17:04:46.647Z] Platform:      darwin
[debug] [2020-09-30T17:04:46.647Z] Node Version:  v12.18.1
[debug] [2020-09-30T17:04:46.648Z] Time:          Wed Sep 30 2020 19:04:46 GMT+0200 (GMT+02:00)
[debug] [2020-09-30T17:04:46.648Z] ----------------------------------------------------------------------
[debug] [2020-09-30T17:04:46.648Z] 
[debug] [2020-09-30T17:04:46.655Z] > command requires scopes: ["email","openid","https://www.googleapis.com/auth/cloudplatformprojects.readonly","https://www.googleapis.com/auth/firebase","https://www.googleapis.com/auth/cloud-platform"]
[debug] [2020-09-30T17:04:46.655Z] > authorizing via signed-in user
[debug] [2020-09-30T17:04:46.655Z] [iam] checking project schillingroofbarhd for permissions ["firebase.projects.get","firebasehosting.sites.update"]
[debug] [2020-09-30T17:04:46.657Z] >>> HTTP REQUEST POST https://cloudresourcemanager.googleapis.com/v1/projects/schillingroofbarhd:testIamPermissions  
 {"permissions":["firebase.projects.get","firebasehosting.sites.update"]}
[debug] [2020-09-30T17:04:47.602Z] <<< HTTP RESPONSE 200 {"content-type":"application/json; charset=UTF-8","vary":"X-Origin, Referer, Origin,Accept-Encoding","date":"Wed, 30 Sep 2020 17:04:47 GMT","server":"ESF","cache-control":"private","x-xss-protection":"0","x-frame-options":"SAMEORIGIN","x-content-type-options":"nosniff","server-timing":"gfet4t7; dur=646","alt-svc":"h3-Q050=\":443\"; ma=2592000,h3-29=\":443\"; ma=2592000,h3-27=\":443\"; ma=2592000,h3-T051=\":443\"; ma=2592000,h3-T050=\":443\"; ma=2592000,h3-Q046=\":443\"; ma=2592000,h3-Q043=\":443\"; ma=2592000,quic=\":443\"; ma=2592000; v=\"46,43\"","accept-ranges":"none","transfer-encoding":"chunked"}
[debug] [2020-09-30T17:04:47.604Z] >>> HTTP REQUEST GET https://firebase.googleapis.com/v1beta1/projects/schillingroofbarhd  
 
[debug] [2020-09-30T17:04:48.056Z] <<< HTTP RESPONSE 200 {"content-type":"application/json; charset=UTF-8","vary":"X-Origin, Referer, Origin,Accept-Encoding","date":"Wed, 30 Sep 2020 17:04:48 GMT","server":"ESF","cache-control":"private","x-xss-protection":"0","x-frame-options":"SAMEORIGIN","x-content-type-options":"nosniff","alt-svc":"h3-Q050=\":443\"; ma=2592000,h3-29=\":443\"; ma=2592000,h3-27=\":443\"; ma=2592000,h3-T051=\":443\"; ma=2592000,h3-T050=\":443\"; ma=2592000,h3-Q046=\":443\"; ma=2592000,h3-Q043=\":443\"; ma=2592000,quic=\":443\"; ma=2592000; v=\"46,43\"","accept-ranges":"none","transfer-encoding":"chunked"}
[debug] [2020-09-30T17:04:48.062Z] getFunctionsSDKVersion encountered error: Error: spawnSync npm ENOENT
    at Object.spawnSync (internal/child_process.js:1041:20)
    at Object.spawnSync (child_process.js:616:24)
    at Function.spawnSync [as sync] (/usr/local/lib/node_modules/firebase-tools/node_modules/cross-spawn/index.js:26:23)
    at getFunctionsSDKVersion (/usr/local/lib/node_modules/firebase-tools/lib/checkFirebaseSDKVersion.js:12:29)
    at Object.checkFunctionsSDKVersion [as fn] (/usr/local/lib/node_modules/firebase-tools/lib/checkFirebaseSDKVersion.js:34:28)
    at Command.<anonymous> (/usr/local/lib/node_modules/firebase-tools/lib/command.js:159:30)
    at Generator.next (<anonymous>)
    at fulfilled (/usr/local/lib/node_modules/firebase-tools/lib/command.js:5:58)
    at processTicksAndRejections (internal/process/task_queues.js:97:5)
[debug] [2020-09-30T17:04:48.062Z] getFunctionsSDKVersion was unable to retrieve 'firebase-functions' version
[info] 
[info] === Deploying to 'schillingroofbarhd'...
[info] 
[info] i  deploying hosting 
[info] 
[info] ✔  Deploy complete! 
[info] 
[info] Project Console: https://console.firebase.google.com/project/schillingroofbarhd/overview
[debug] [2020-09-30T17:04:48.323Z] TypeError: Cannot read property 'deploys' of undefined
    at /usr/local/lib/node_modules/firebase-tools/lib/deploy/index.js:84:36
    at processTicksAndRejections (internal/process/task_queues.js:97:5)
[error] 
[error] Error: An unexpected error has occurred.
